<?xml version="1.0" encoding="UTF-8"?>
<!-- Generated by org.testng.reporters.JUnitXMLReporter -->
<testsuite ignored="0" hostname="DESKTOP-EQ0RH0B" failures="1" tests="3" name="Test" time="163.794" errors="0" timestamp="2020-08-18T08:04:24 BRT">
  <testcase classname="br.com.recatalog.B3DataAutomation.pages.ResumoEmpresaPageTest" name="validatePageTest" time="10.205"/>
  <testcase classname="br.com.recatalog.B3DataAutomation.pages.ResumoEmpresaPageTest" name="stockCodeTest" time="10.161"/>
  <testcase classname="br.com.recatalog.B3DataAutomation.pages.ResumoEmpresaPageTest" name="clickOnVoltarTest" time="22.866">
    <failure type="org.openqa.selenium.NoSuchFrameException" message="No frame element found by name or id bvmf_iframe
Build info: version: &amp;apos;3.141.59&amp;apos;, revision: &amp;apos;e82be7d358&amp;apos;, time: &amp;apos;2018-11-14T08:17:03&amp;apos;
System info: host: &amp;apos;DESKTOP-EQ0RH0B&amp;apos;, ip: &amp;apos;192.168.56.1&amp;apos;, os.name: &amp;apos;Windows 10&amp;apos;, os.arch: &amp;apos;amd64&amp;apos;, os.version: &amp;apos;10.0&amp;apos;, java.version: &amp;apos;13&amp;apos;
Driver info: driver.version: unknown">
      <![CDATA[org.openqa.selenium.NoSuchFrameException: No frame element found by name or id bvmf_iframe
Build info: version: '3.141.59', revision: 'e82be7d358', time: '2018-11-14T08:17:03'
System info: host: 'DESKTOP-EQ0RH0B', ip: '192.168.56.1', os.name: 'Windows 10', os.arch: 'amd64', os.version: '10.0', java.version: '13'
Driver info: driver.version: unknown
at org.openqa.selenium.remote.RemoteWebDriver$RemoteTargetLocator.frame(RemoteWebDriver.java:885)
at br.com.recatalog.B3DataAutomation.util.Util.switchTo(Util.java:8)
at br.com.recatalog.B3DataAutomation.pages.ResumoEmpresaPage.clickOnVoltar(ResumoEmpresaPage.java:25)
at br.com.recatalog.B3DataAutomation.pages.ResumoEmpresaPageTest.clickOnVoltarTest(ResumoEmpresaPageTest.java:39)
at java.base/java.util.ArrayList.forEach(ArrayList.java:1507)
... Removed 27 stack frames]]>
    </failure>
  </testcase> <!-- clickOnVoltarTest -->
</testsuite> <!-- Test -->
